ecommerce/app/build/outputs/logs/manifest-merger-debug-report.txt
-- Merging decision tree log ---
provider#android.support.v4.content.FileProvider
INJECTED from src/main/AndroidManifest.xml:41:9-49:20
	android:grantUriPermissions
		ADDED from src/main/AndroidManifest.xml:45:13-47
	android:authorities
		INJECTED from src/main/AndroidManifest.xml
		ADDED from src/main/AndroidManifest.xml:43:13-60
	android:exported
		ADDED from src/main/AndroidManifest.xml:44:13-37
	android:name
		ADDED from src/main/AndroidManifest.xml:42:13-67
data
INJECTED from src/main/AndroidManifest.xml:114:17-69
	android:scheme
		INJECTED from src/main/AndroidManifest.xml
		ADDED from src/main/AndroidManifest.xml:114:23-66
manifest
ADDED from src/main/AndroidManifest.xml:1:1-151:12
INJECTED from src/main/AndroidManifest.xml:1:1-151:12
INJECTED from src/main/AndroidManifest.xml:1:1-151:12
INJECTED from src/main/AndroidManifest.xml:1:1-151:12
MERGED from [com.android.support:multidex:1.0.3] AndroidManifest.xml:17:1-22:12
MERGED from [com.braintreepayments.api:drop-in:3.7.1] AndroidManifest.xml:2:1-32:12
MERGED from [com.braintreepayments:card-form:3.5.1-SNAPSHOT] AndroidManifest.xml:2:1-11:12
MERGED from [com.android.support:design:28.0.0] AndroidManifest.xml:17:1-24:12
MERGED from [com.android.support:preference-v14:28.0.0] AndroidManifest.xml:17:1-22:12
MERGED from [com.android.support:preference-v7:28.0.0] AndroidManifest.xml:17:1-22:12
MERGED from [com.crystal:crystalrangeseekbar:1.1.1] AndroidManifest.xml:2:1-17:12
MERGED from [com.github.paolorotolo:appintro:4.1.0] AndroidManifest.xml:2:1-14:12
MERGED from [ai.devsupport.instamojo:instamojolib:0.1.6] AndroidManifest.xml:2:1-18:12
MERGED from [com.instamojo:android-sdk:1.2.6] AndroidManifest.xml:2:1-36:12
MERGED from [com.facebook.android:facebook-android-sdk:4.42.0] AndroidManifest.xml:21:1-31:12
MERGED from [com.facebook.android:facebook-login:4.42.0] AndroidManifest.xml:21:1-31:12
MERGED from [com.facebook.android:facebook-share:4.42.0] AndroidManifest.xml:21:1-31:12
MERGED from [com.facebook.android:facebook-common:4.42.0] AndroidManifest.xml:21:1-37:12
MERGED from [com.rengwuxian.materialedittext:library:2.1.4] AndroidManifest.xml:2:1-10:12
MERGED from [in.juspay:godel:0.6.18.1423] AndroidManifest.xml:2:1-15:12
MERGED from [in.juspay:godel-osd:0.6.14] AndroidManifest.xml:2:1-11:12
MERGED from [com.android.support:appcompat-v7:28.0.0] AndroidManifest.xml:17:1-22:12
MERGED from [com.android.support:cardview-v7:28.0.0] AndroidManifest.xml:17:1-22:12
MERGED from [com.android.support:recyclerview-v7:28.0.0] AndroidManifest.xml:17:1-22:12
MERGED from [com.onesignal:OneSignal:3.10.7] AndroidManifest.xml:2:1-107:12
MERGED from [com.google.firebase:firebase-auth:16.2.1] AndroidManifest.xml:17:1-42:12
MERGED from [com.google.firebase:firebase-messaging:17.6.0] AndroidManifest.xml:17:1-37:12
MERGED from [com.google.android.gms:play-services-auth:16.0.1] AndroidManifest.xml:17:1-39:12
MERGED from [com.google.android.gms:play-services-maps:16.1.0] AndroidManifest.xml:17:1-38:12
MERGED from [com.google.android.gms:play-services-location:16.0.0] AndroidManifest.xml:2:1-9:12
MERGED from [com.google.android.gms:play-services-flags:16.0.1] AndroidManifest.xml:17:1-22:12
MERGED from [com.google.firebase:firebase-auth-interop:16.0.1] AndroidManifest.xml:2:1-10:12
MERGED from [com.google.android.gms:play-services-auth-api-phone:16.0.0] AndroidManifest.xml:2:1-7:12
MERGED from [com.google.android.gms:play-services-auth-base:16.0.0] AndroidManifest.xml:2:1-7:12
MERGED from [com.google.firebase:firebase-core:16.0.8] AndroidManifest.xml:2:1-9:12
MERGED from [com.google.firebase:firebase-analytics:16.4.0] AndroidManifest.xml:2:1-9:12
MERGED from [com.google.android.gms:play-services-measurement-api:16.4.0] AndroidManifest.xml:17:1-36:12
MERGED from [com.google.firebase:firebase-iid:17.1.2] AndroidManifest.xml:17:1-59:12
MERGED from [com.google.firebase:firebase-iid-interop:16.0.1] AndroidManifest.xml:2:1-10:12
MERGED from [com.google.android.gms:play-services-base:16.0.1] AndroidManifest.xml:17:1-29:12
MERGED from [com.google.firebase:firebase-common:16.1.0] AndroidManifest.xml:2:1-19:12
MERGED from [com.google.android.gms:play-services-tasks:16.0.1] AndroidManifest.xml:2:1-9:12
MERGED from [com.google.firebase:firebase-measurement-connector:17.0.1] AndroidManifest.xml:17:1-25:12
MERGED from [com.google.android.gms:play-services-places-placereport:16.0.0] AndroidManifest.xml:17:1-24:12
MERGED from [com.google.android.gms:play-services-measurement:16.4.0] AndroidManifest.xml:17:1-55:12
MERGED from [com.google.android.gms:play-services-measurement-sdk:16.4.0] AndroidManifest.xml:17:1-25:12
MERGED from [com.google.android.gms:play-services-measurement-impl:16.4.0] AndroidManifest.xml:17:1-40:12
MERGED from [com.google.android.gms:play-services-stats:16.0.1] AndroidManifest.xml:2:1-9:12
MERGED from [com.google.android.gms:play-services-measurement-sdk-api:16.4.0] AndroidManifest.xml:17:1-30:12
MERGED from [com.google.android.gms:play-services-measurement-base:16.4.0] AndroidManifest.xml:2:1-9:12
MERGED from [com.google.android.gms:play-services-ads-identifier:16.0.0] AndroidManifest.xml:17:1-24:12
MERGED from [com.google.android.gms:play-services-basement:16.2.0] AndroidManifest.xml:17:1-28:12
MERGED from [com.android.support:support-v4:28.0.0] AndroidManifest.xml:17:1-22:12
MERGED from [com.paypal.sdk:paypal-android-sdk:2.15.1] AndroidManifest.xml:2:1-28:12
MERGED from [com.daimajia.slider:library:1.1.5] AndroidManifest.xml:2:1-14:12
MERGED from [com.stripe:stripe-android:2.0.2] AndroidManifest.xml:2:1-11:12
MERGED from [com.braintreepayments.api:braintree:2.18.1] AndroidManifest.xml:2:1-26:12
MERGED from [com.android.support:support-fragment:28.0.0] AndroidManifest.xml:17:1-22:12
MERGED from [com.android.support:animated-vector-drawable:28.0.0] AndroidManifest.xml:17:1-22:12
MERGED from [com.paypal.android.sdk:paypal-one-touch:2.18.1] AndroidManifest.xml:2:1-13:12
MERGED from [com.braintreepayments.api:core:2.18.1] AndroidManifest.xml:2:1-11:12
MERGED from [com.braintreepayments:browser-switch:0.1.7] AndroidManifest.xml:2:1-11:12
MERGED from [com.android.support:customtabs:28.0.0] AndroidManifest.xml:17:1-22:12
MERGED from [com.android.support:support-core-ui:28.0.0] AndroidManifest.xml:17:1-22:12
MERGED from [com.facebook.android:facebook-places:4.42.0] AndroidManifest.xml:21:1-31:12
MERGED from [com.facebook.android:facebook-applinks:4.42.0] AndroidManifest.xml:21:1-31:12
MERGED from [com.facebook.android:facebook-messenger:4.42.0] AndroidManifest.xml:21:1-31:12
MERGED from [com.facebook.android:facebook-core:4.42.0] AndroidManifest.xml:21:1-53:12
MERGED from [com.android.support:support-core-utils:28.0.0] AndroidManifest.xml:17:1-22:12
MERGED from [com.android.support:support-vector-drawable:28.0.0] AndroidManifest.xml:17:1-22:12
MERGED from [com.android.support:transition:28.0.0] AndroidManifest.xml:17:1-22:12
MERGED from [com.android.support:support-media-compat:28.0.0] AndroidManifest.xml:17:1-22:12
MERGED from [com.android.support:loader:28.0.0] AndroidManifest.xml:17:1-22:12
MERGED from [com.android.support:viewpager:28.0.0] AndroidManifest.xml:17:1-22:12
MERGED from [com.android.support:coordinatorlayout:28.0.0] AndroidManifest.xml:17:1-22:12
MERGED from [com.android.support:drawerlayout:28.0.0] AndroidManifest.xml:17:1-22:12
MERGED from [com.android.support:slidingpanelayout:28.0.0] AndroidManifest.xml:17:1-22:12
MERGED from [com.android.support:customview:28.0.0] AndroidManifest.xml:17:1-22:12
MERGED from [com.android.support:swiperefreshlayout:28.0.0] AndroidManifest.xml:17:1-22:12
MERGED from [com.android.support:asynclayoutinflater:28.0.0] AndroidManifest.xml:17:1-22:12
MERGED from [com.android.support:support-compat:28.0.0] AndroidManifest.xml:17:1-24:12
MERGED from [com.android.support:versionedparcelable:28.0.0] AndroidManifest.xml:17:1-25:12
MERGED from [com.android.support:cursoradapter:28.0.0] AndroidManifest.xml:17:1-22:12
MERGED from [android.arch.lifecycle:runtime:1.1.1] AndroidManifest.xml:17:1-22:12
MERGED from [com.android.support:documentfile:28.0.0] AndroidManifest.xml:17:1-22:12
MERGED from [com.android.support:localbroadcastmanager:28.0.0] AndroidManifest.xml:17:1-22:12
MERGED from [com.android.support:print:28.0.0] AndroidManifest.xml:17:1-22:12
MERGED from [android.arch.lifecycle:viewmodel:1.1.1] AndroidManifest.xml:17:1-22:12
MERGED from [com.android.support:interpolator:28.0.0] AndroidManifest.xml:17:1-22:12
MERGED from [android.arch.lifecycle:livedata:1.1.1] AndroidManifest.xml:17:1-22:12
MERGED from [android.arch.lifecycle:livedata-core:1.1.1] AndroidManifest.xml:17:1-22:12
MERGED from [android.arch.core:runtime:1.1.1] AndroidManifest.xml:17:1-22:12
MERGED from [com.android.support.constraint:constraint-layout:1.0.2] AndroidManifest.xml:2:1-11:12
MERGED from [com.braintreepayments.api:visa-checkout:1.0.0] AndroidManifest.xml:2:1-12:12
MERGED from [io.card:android-sdk:5.4.2] AndroidManifest.xml:2:1-26:12
MERGED from [com.paypal.android.sdk:data-collector:2.18.1] AndroidManifest.xml:2:1-13:12
INJECTED from src/main/AndroidManifest.xml:1:1-151:12
INJECTED from src/main/AndroidManifest.xml:1:1-151:12
INJECTED from src/main/AndroidManifest.xml:1:1-151:12
	package
		ADDED from src/main/AndroidManifest.xml:4:5-37
		INJECTED from src/main/AndroidManifest.xml
		INJECTED from src/main/AndroidManifest.xml
	android:versionName
		INJECTED from src/main/AndroidManifest.xml
		ADDED from src/main/AndroidManifest.xml:1:1-151:12
		INJECTED from src/main/AndroidManifest.xml
	xmlns:tools
		ADDED from src/main/AndroidManifest.xml:3:5-51
	android:versionCode
		INJECTED from src/main/AndroidManifest.xml
		ADDED from src/main/AndroidManifest.xml:1:1-151:12
		INJECTED from src/main/AndroidManifest.xml
	xmlns:android
		ADDED from src/main/AndroidManifest.xml:2:5-63
uses-permission#android.permission.CAMERA
ADDED from src/main/AndroidManifest.xml:7:5-65
MERGED from [io.card:android-sdk:5.4.2] AndroidManifest.xml:9:5-65
MERGED from [io.card:android-sdk:5.4.2] AndroidManifest.xml:9:5-65
	android:name
		ADDED from src/main/AndroidManifest.xml:7:22-62
uses-permission#android.permission.INTERNET
ADDED from src/main/AndroidManifest.xml:8:5-67
MERGED from [com.braintreepayments.api:drop-in:3.7.1] AndroidManifest.xml:13:5-67
MERGED from [com.braintreepayments.api:drop-in:3.7.1] AndroidManifest.xml:13:5-67
MERGED from [com.onesignal:OneSignal:3.10.7] AndroidManifest.xml:17:5-67
MERGED from [com.onesignal:OneSignal:3.10.7] AndroidManifest.xml:17:5-67
MERGED from [com.google.android.gms:play-services-maps:16.1.0] AndroidManifest.xml:24:5-67
MERGED from [com.google.android.gms:play-services-maps:16.1.0] AndroidManifest.xml:24:5-67
MERGED from [com.google.android.gms:play-services-measurement-api:16.4.0] AndroidManifest.xml:22:5-67
MERGED from [com.google.android.gms:play-services-measurement-api:16.4.0] AndroidManifest.xml:22:5-67
MERGED from [com.google.firebase:firebase-iid:17.1.2] AndroidManifest.xml:23:5-67
MERGED from [com.google.firebase:firebase-iid:17.1.2] AndroidManifest.xml:23:5-67
MERGED from [com.google.android.gms:play-services-measurement:16.4.0] AndroidManifest.xml:23:5-67
MERGED from [com.google.android.gms:play-services-measurement:16.4.0] AndroidManifest.xml:23:5-67
MERGED from [com.google.android.gms:play-services-measurement-impl:16.4.0] AndroidManifest.xml:23:5-67
MERGED from [com.google.android.gms:play-services-measurement-impl:16.4.0] AndroidManifest.xml:23:5-67
MERGED from [com.google.android.gms:play-services-measurement-sdk-api:16.4.0] AndroidManifest.xml:23:5-67
MERGED from [com.google.android.gms:play-services-measurement-sdk-api:16.4.0] AndroidManifest.xml:23:5-67
MERGED from [com.paypal.sdk:paypal-android-sdk:2.15.1] AndroidManifest.xml:10:5-67
MERGED from [com.paypal.sdk:paypal-android-sdk:2.15.1] AndroidManifest.xml:10:5-67
MERGED from [com.daimajia.slider:library:1.1.5] AndroidManifest.xml:11:5-67
MERGED from [com.daimajia.slider:library:1.1.5] AndroidManifest.xml:11:5-67
MERGED from [com.braintreepayments.api:braintree:2.18.1] AndroidManifest.xml:12:5-67
MERGED from [com.braintreepayments.api:braintree:2.18.1] AndroidManifest.xml:12:5-67
MERGED from [com.paypal.android.sdk:paypal-one-touch:2.18.1] AndroidManifest.xml:11:5-67
MERGED from [com.paypal.android.sdk:paypal-one-touch:2.18.1] AndroidManifest.xml:11:5-67
MERGED from [com.paypal.android.sdk:data-collector:2.18.1] AndroidManifest.xml:11:5-67
MERGED from [com.paypal.android.sdk:data-collector:2.18.1] AndroidManifest.xml:11:5-67
	android:name
		ADDED from src/main/AndroidManifest.xml:8:22-64
uses-permission#android.permission.ACCESS_WIFI_STATE
ADDED from src/main/AndroidManifest.xml:9:5-76
MERGED from [in.juspay:godel:0.6.18.1423] AndroidManifest.xml:10:5-76
MERGED from [in.juspay:godel:0.6.18.1423] AndroidManifest.xml:10:5-76
	android:name
		ADDED from src/main/AndroidManifest.xml:9:22-73
uses-permission#android.permission.ACCESS_NETWORK_STATE
ADDED from src/main/AndroidManifest.xml:10:5-79
MERGED from [com.braintreepayments.api:drop-in:3.7.1] AndroidManifest.xml:12:5-79
MERGED from [com.braintreepayments.api:drop-in:3.7.1] AndroidManifest.xml:12:5-79
MERGED from [com.onesignal:OneSignal:3.10.7] AndroidManifest.xml:25:5-79
MERGED from [com.onesignal:OneSignal:3.10.7] AndroidManifest.xml:25:5-79
MERGED from [com.google.android.gms:play-services-maps:16.1.0] AndroidManifest.xml:23:5-79
MERGED from [com.google.android.gms:play-services-maps:16.1.0] AndroidManifest.xml:23:5-79
MERGED from [com.google.android.gms:play-services-measurement-api:16.4.0] AndroidManifest.xml:23:5-79
MERGED from [com.google.android.gms:play-services-measurement-api:16.4.0] AndroidManifest.xml:23:5-79
MERGED from [com.google.firebase:firebase-iid:17.1.2] AndroidManifest.xml:22:5-79
MERGED from [com.google.firebase:firebase-iid:17.1.2] AndroidManifest.xml:22:5-79
MERGED from [com.google.android.gms:play-services-measurement:16.4.0] AndroidManifest.xml:24:5-79
MERGED from [com.google.android.gms:play-services-measurement:16.4.0] AndroidManifest.xml:24:5-79
MERGED from [com.google.android.gms:play-services-measurement-impl:16.4.0] AndroidManifest.xml:24:5-79
MERGED from [com.google.android.gms:play-services-measurement-impl:16.4.0] AndroidManifest.xml:24:5-79
MERGED from [com.google.android.gms:play-services-measurement-sdk-api:16.4.0] AndroidManifest.xml:24:5-79
MERGED from [com.google.android.gms:play-services-measurement-sdk-api:16.4.0] AndroidManifest.xml:24:5-79
MERGED from [com.paypal.sdk:paypal-android-sdk:2.15.1] AndroidManifest.xml:9:5-79
MERGED from [com.paypal.sdk:paypal-android-sdk:2.15.1] AndroidManifest.xml:9:5-79
MERGED from [com.braintreepayments.api:braintree:2.18.1] AndroidManifest.xml:11:5-79
MERGED from [com.braintreepayments.api:braintree:2.18.1] AndroidManifest.xml:11:5-79
	android:name
		ADDED from src/main/AndroidManifest.xml:10:22-76
uses-permission#android.permission.READ_EXTERNAL_STORAGE
ADDED from src/main/AndroidManifest.xml:11:5-80
	android:name
		ADDED from src/main/AndroidManifest.xml:11:22-77
uses-permission#android.permission.WRITE_EXTERNAL_STORAGE
ADDED from src/main/AndroidManifest.xml:12:5-81
MERGED from [com.daimajia.slider:library:1.1.5] AndroidManifest.xml:12:5-81
MERGED from [com.daimajia.slider:library:1.1.5] AndroidManifest.xml:12:5-81
	android:name
		ADDED from src/main/AndroidManifest.xml:12:22-78
uses-permission#android.permission.READ_PHONE_STATE
ADDED from src/main/AndroidManifest.xml:13:5-75
	android:name
		ADDED from src/main/AndroidManifest.xml:13:22-72
uses-permission#android.permission.SYSTEM_ALERT_WINDOW
ADDED from src/main/AndroidManifest.xml:14:5-78
	android:name
		ADDED from src/main/AndroidManifest.xml:14:22-75
uses-permission#android.permission.ACCESS_FINE_LOCATION
ADDED from src/main/AndroidManifest.xml:15:5-79
	android:name
		ADDED from src/main/AndroidManifest.xml:15:22-76
uses-permission#android.permission.ACCESS_COARSE_LOCATION
ADDED from src/main/AndroidManifest.xml:16:5-81
MERGED from [in.juspay:godel:0.6.18.1423] AndroidManifest.xml:9:5-81
MERGED from [in.juspay:godel:0.6.18.1423] AndroidManifest.xml:9:5-81
	android:name
		ADDED from src/main/AndroidManifest.xml:16:22-78
uses-permission#android.permission.RECEIVE_BOOT_COMPLETED
ADDED from src/main/AndroidManifest.xml:17:5-80
MERGED from [com.onesignal:OneSignal:3.10.7] AndroidManifest.xml:30:5-81
MERGED from [com.onesignal:OneSignal:3.10.7] AndroidManifest.xml:30:5-81
	android:name
		ADDED from src/main/AndroidManifest.xml:17:22-78
application
ADDED from src/main/AndroidManifest.xml:21:5-149:19
MERGED from [com.braintreepayments.api:drop-in:3.7.1] AndroidManifest.xml:15:5-30:19
MERGED from [com.braintreepayments.api:drop-in:3.7.1] AndroidManifest.xml:15:5-30:19
MERGED from [com.android.support:design:28.0.0] AndroidManifest.xml:22:5-20
MERGED from [com.android.support:design:28.0.0] AndroidManifest.xml:22:5-20
MERGED from [com.crystal:crystalrangeseekbar:1.1.1] AndroidManifest.xml:11:5-15:19
MERGED from [com.crystal:crystalrangeseekbar:1.1.1] AndroidManifest.xml:11:5-15:19
MERGED from [com.github.paolorotolo:appintro:4.1.0] AndroidManifest.xml:12:5-20
MERGED from [com.github.paolorotolo:appintro:4.1.0] AndroidManifest.xml:12:5-20
MERGED from [ai.devsupport.instamojo:instamojolib:0.1.6] AndroidManifest.xml:11:5-16:19
MERGED from [ai.devsupport.instamojo:instamojolib:0.1.6] AndroidManifest.xml:11:5-16:19
MERGED from [com.instamojo:android-sdk:1.2.6] AndroidManifest.xml:11:5-34:19
MERGED from [com.instamojo:android-sdk:1.2.6] AndroidManifest.xml:11:5-34:19
MERGED from [com.facebook.android:facebook-android-sdk:4.42.0] AndroidManifest.xml:28:5-29:19
MERGED from [com.facebook.android:facebook-android-sdk:4.42.0] AndroidManifest.xml:28:5-29:19
MERGED from [com.facebook.android:facebook-login:4.42.0] AndroidManifest.xml:28:5-29:19
MERGED from [com.facebook.android:facebook-login:4.42.0] AndroidManifest.xml:28:5-29:19
MERGED from [com.facebook.android:facebook-share:4.42.0] AndroidManifest.xml:28:5-29:19
MERGED from [com.facebook.android:facebook-share:4.42.0] AndroidManifest.xml:28:5-29:19
MERGED from [com.facebook.android:facebook-common:4.42.0] AndroidManifest.xml:28:5-35:19
MERGED from [com.facebook.android:facebook-common:4.42.0] AndroidManifest.xml:28:5-35:19
MERGED from [in.juspay:godel:0.6.18.1423] AndroidManifest.xml:12:5-13:19
MERGED from [in.juspay:godel:0.6.18.1423] AndroidManifest.xml:12:5-13:19
MERGED from [in.juspay:godel-osd:0.6.14] AndroidManifest.xml:9:5-20
MERGED from [in.juspay:godel-osd:0.6.14] AndroidManifest.xml:9:5-20
MERGED from [com.onesignal:OneSignal:3.10.7] AndroidManifest.xml:49:5-105:19
MERGED from [com.onesignal:OneSignal:3.10.7] AndroidManifest.xml:49:5-105:19
MERGED from [com.google.firebase:firebase-auth:16.2.1] AndroidManifest.xml:23:5-40:19
MERGED from [com.google.firebase:firebase-auth:16.2.1] AndroidManifest.xml:23:5-40:19
MERGED from [com.google.firebase:firebase-messaging:17.6.0] AndroidManifest.xml:22:5-35:19
MERGED from [com.google.firebase:firebase-messaging:17.6.0] AndroidManifest.xml:22:5-35:19
MERGED from [com.google.android.gms:play-services-auth:16.0.1] AndroidManifest.xml:22:5-37:19
MERGED from [com.google.android.gms:play-services-auth:16.0.1] AndroidManifest.xml:22:5-37:19
MERGED from [com.google.android.gms:play-services-maps:16.1.0] AndroidManifest.xml:30:5-36:19
MERGED from [com.google.android.gms:play-services-maps:16.1.0] AndroidManifest.xml:30:5-36:19
MERGED from [com.google.android.gms:play-services-location:16.0.0] AndroidManifest.xml:7:5-20
MERGED from [com.google.android.gms:play-services-location:16.0.0] AndroidManifest.xml:7:5-20
MERGED from [com.google.firebase:firebase-auth-interop:16.0.1] AndroidManifest.xml:7:5-8:19
MERGED from [com.google.firebase:firebase-auth-interop:16.0.1] AndroidManifest.xml:7:5-8:19
MERGED from [com.google.firebase:firebase-core:16.0.8] AndroidManifest.xml:7:5-20
MERGED from [com.google.firebase:firebase-core:16.0.8] AndroidManifest.xml:7:5-20
MERGED from [com.google.firebase:firebase-analytics:16.4.0] AndroidManifest.xml:7:5-20
MERGED from [com.google.firebase:firebase-analytics:16.4.0] AndroidManifest.xml:7:5-20
MERGED from [com.google.android.gms:play-services-measurement-api:16.4.0] AndroidManifest.xml:26:5-34:19
MERGED from [com.google.android.gms:play-services-measurement-api:16.4.0] AndroidManifest.xml:26:5-34:19
MERGED from [com.google.firebase:firebase-iid:17.1.2] AndroidManifest.xml:28:5-57:19
MERGED from [com.google.firebase:firebase-iid:17.1.2] AndroidManifest.xml:28:5-57:19
MERGED from [com.google.firebase:firebase-iid-interop:16.0.1] AndroidManifest.xml:7:5-8:19
MERGED from [com.google.firebase:firebase-iid-interop:16.0.1] AndroidManifest.xml:7:5-8:19
MERGED from [com.google.android.gms:play-services-base:16.0.1] AndroidManifest.xml:22:5-27:19
MERGED from [com.google.android.gms:play-services-base:16.0.1] AndroidManifest.xml:22:5-27:19
MERGED from [com.google.firebase:firebase-common:16.1.0] AndroidManifest.xml:11:5-17:19
MERGED from [com.google.firebase:firebase-common:16.1.0] AndroidManifest.xml:11:5-17:19
MERGED from [com.google.android.gms:play-services-tasks:16.0.1] AndroidManifest.xml:7:5-20
MERGED from [com.google.android.gms:play-services-tasks:16.0.1] AndroidManifest.xml:7:5-20
MERGED from [com.google.firebase:firebase-measurement-connector:17.0.1] AndroidManifest.xml:22:5-23:19
MERGED from [com.google.firebase:firebase-measurement-connector:17.0.1] AndroidManifest.xml:22:5-23:19
MERGED from [com.google.android.gms:play-services-places-placereport:16.0.0] AndroidManifest.xml:22:5-20
MERGED from [com.google.android.gms:play-services-places-placereport:16.0.0] AndroidManifest.xml:22:5-20
MERGED from [com.google.android.gms:play-services-measurement:16.4.0] AndroidManifest.xml:28:5-53:19
MERGED from [com.google.android.gms:play-services-measurement:16.4.0] AndroidManifest.xml:28:5-53:19
MERGED from [com.google.android.gms:play-services-measurement-sdk:16.4.0] AndroidManifest.xml:22:5-23:19
MERGED from [com.google.android.gms:play-services-measurement-sdk:16.4.0] AndroidManifest.xml:22:5-23:19
MERGED from [com.google.android.gms:play-services-measurement-impl:16.4.0] AndroidManifest.xml:28:5-38:19
MERGED from [com.google.android.gms:play-services-measurement-impl:16.4.0] AndroidManifest.xml:28:5-38:19
MERGED from [com.google.android.gms:play-services-stats:16.0.1] AndroidManifest.xml:7:5-20
MERGED from [com.google.android.gms:play-services-stats:16.0.1] AndroidManifest.xml:7:5-20
MERGED from [com.google.android.gms:play-services-measurement-sdk-api:16.4.0] AndroidManifest.xml:27:5-28:19
MERGED from [com.google.android.gms:play-services-measurement-sdk-api:16.4.0] AndroidManifest.xml:27:5-28:19
MERGED from [com.google.android.gms:play-services-measurement-base:16.4.0] AndroidManifest.xml:7:5-20
MERGED from [com.google.android.gms:play-services-measurement-base:16.4.0] AndroidManifest.xml:7:5-20
MERGED from [com.google.android.gms:play-services-ads-identifier:16.0.0] AndroidManifest.xml:22:5-20
MERGED from [com.google.android.gms:play-services-ads-identifier:16.0.0] AndroidManifest.xml:22:5-20
MERGED from [com.google.android.gms:play-services-basement:16.2.0] AndroidManifest.xml:22:5-26:19
MERGED from [com.google.android.gms:play-services-basement:16.2.0] AndroidManifest.xml:22:5-26:19
MERGED from [com.paypal.sdk:paypal-android-sdk:2.15.1] AndroidManifest.xml:12:5-26:19
MERGED from [com.paypal.sdk:paypal-android-sdk:2.15.1] AndroidManifest.xml:12:5-26:19
MERGED from [com.braintreepayments.api:braintree:2.18.1] AndroidManifest.xml:14:5-24:19
MERGED from [com.braintreepayments.api:braintree:2.18.1] AndroidManifest.xml:14:5-24:19
MERGED from [com.facebook.android:facebook-places:4.42.0] AndroidManifest.xml:28:5-29:19
MERGED from [com.facebook.android:facebook-places:4.42.0] AndroidManifest.xml:28:5-29:19
MERGED from [com.facebook.android:facebook-applinks:4.42.0] AndroidManifest.xml:28:5-29:19
MERGED from [com.facebook.android:facebook-applinks:4.42.0] AndroidManifest.xml:28:5-29:19
MERGED from [com.facebook.android:facebook-messenger:4.42.0] AndroidManifest.xml:28:5-29:19
MERGED from [com.facebook.android:facebook-messenger:4.42.0] AndroidManifest.xml:28:5-29:19
MERGED from [com.facebook.android:facebook-core:4.42.0] AndroidManifest.xml:28:5-51:19
MERGED from [com.facebook.android:facebook-core:4.42.0] AndroidManifest.xml:28:5-51:19
MERGED from [com.android.support:support-compat:28.0.0] AndroidManifest.xml:22:5-94
MERGED from [com.android.support:support-compat:28.0.0] AndroidManifest.xml:22:5-94
MERGED from [com.android.support:versionedparcelable:28.0.0] AndroidManifest.xml:22:5-23:19
MERGED from [com.android.support:versionedparcelable:28.0.0] AndroidManifest.xml:22:5-23:19
MERGED from [com.android.support.constraint:constraint-layout:1.0.2] AndroidManifest.xml:9:5-20
MERGED from [com.android.support.constraint:constraint-layout:1.0.2] AndroidManifest.xml:9:5-20
MERGED from [io.card:android-sdk:5.4.2] AndroidManifest.xml:19:5-24:19
MERGED from [io.card:android-sdk:5.4.2] AndroidManifest.xml:19:5-24:19
	android:appComponentFactory
		ADDED from [com.android.support:support-compat:28.0.0] AndroidManifest.xml:22:18-91
	android:supportsRtl
		ADDED from src/main/AndroidManifest.xml:28:9-35
	android:label
		ADDED from src/main/AndroidManifest.xml:26:9-41
	android:fullBackupContent
		ADDED from src/main/AndroidManifest.xml:24:9-42
	tools:ignore
		ADDED from [com.braintreepayments.api:drop-in:3.7.1] AndroidManifest.xml:17:9-39
	android:icon
		ADDED from src/main/AndroidManifest.xml:27:9-50
	android:allowBackup
		ADDED from src/main/AndroidManifest.xml:23:9-36
		REJECTED from [com.crystal:crystalrangeseekbar:1.1.1] AndroidManifest.xml:12:9-35
		REJECTED from [ai.devsupport.instamojo:instamojolib:0.1.6] AndroidManifest.xml:12:9-35
		REJECTED from [com.instamojo:android-sdk:1.2.6] AndroidManifest.xml:12:9-35
	android:theme
		ADDED from src/main/AndroidManifest.xml:29:9-40
	tools:replace
		ADDED from src/main/AndroidManifest.xml:25:9-44
	android:name
		ADDED from src/main/AndroidManifest.xml:22:9-54
meta-data#com.facebook.sdk.ApplicationId
ADDED from src/main/AndroidManifest.xml:31:9-107
	android:value
		ADDED from src/main/AndroidManifest.xml:31:66-105
	android:name
		ADDED from src/main/AndroidManifest.xml:31:20-65
meta-data#com.google.android.maps.v2.API_KEY
ADDED from src/main/AndroidManifest.xml:32:9-113
	android:value
		ADDED from src/main/AndroidManifest.xml:32:70-111
	android:name
		ADDED from src/main/AndroidManifest.xml:32:20-69
meta-data#com.google.firebase.messaging.default_notification_icon
ADDED from src/main/AndroidManifest.xml:36:9-130
	android:resource
		ADDED from src/main/AndroidManifest.xml:36:91-127
	android:name
		ADDED from src/main/AndroidManifest.xml:36:20-90
activity#com.bahadur.bahadurapp.activities.SplashScreen
ADDED from src/main/AndroidManifest.xml:52:9-63:20
	android:screenOrientation
		ADDED from src/main/AndroidManifest.xml:56:13-49
	android:launchMode
		ADDED from src/main/AndroidManifest.xml:55:13-44
	android:exported
		ADDED from src/main/AndroidManifest.xml:54:13-36
	android:theme
		ADDED from src/main/AndroidManifest.xml:57:13-50
	android:name
		ADDED from src/main/AndroidManifest.xml:53:13-74
intent-filter#action:name:android.intent.action.MAIN+category:name:android.intent.category.LAUNCHER
ADDED from src/main/AndroidManifest.xml:59:13-62:29
action#android.intent.action.MAIN
ADDED from src/main/AndroidManifest.xml:60:17-69
	android:name
		ADDED from src/main/AndroidManifest.xml:60:25-66
category#android.intent.category.LAUNCHER
ADDED from src/main/AndroidManifest.xml:61:17-77
	android:name
		ADDED from src/main/AndroidManifest.xml:61:27-74
activity#com.bahadur.bahadurapp.activities.IntroScreen
ADDED from src/main/AndroidManifest.xml:65:9-67:20
	android:name
		ADDED from src/main/AndroidManifest.xml:66:13-73
activity#com.bahadur.bahadurapp.activities.MainActivity
ADDED from src/main/AndroidManifest.xml:69:9-81:20
	android:screenOrientation
		ADDED from src/main/AndroidManifest.xml:73:13-49
	android:launchMode
		ADDED from src/main/AndroidManifest.xml:72:13-44
	android:windowSoftInputMode
		ADDED from src/main/AndroidManifest.xml:74:13-55
	android:exported
		ADDED from src/main/AndroidManifest.xml:71:13-36
	android:name
		ADDED from src/main/AndroidManifest.xml:70:13-74
intent-filter#action:name:android.intent.action.MAIN+action:name:android.intent.action.SEARCH+category:name:android.intent.category.DEFAULT
ADDED from src/main/AndroidManifest.xml:76:13-80:29
action#android.intent.action.SEARCH
ADDED from src/main/AndroidManifest.xml:78:17-71
	android:name
		ADDED from src/main/AndroidManifest.xml:78:25-68
category#android.intent.category.DEFAULT
ADDED from src/main/AndroidManifest.xml:79:17-76
	android:name
		ADDED from src/main/AndroidManifest.xml:79:27-73
activity#com.bahadur.bahadurapp.activities.Login
ADDED from src/main/AndroidManifest.xml:83:9-88:20
	android:screenOrientation
		ADDED from src/main/AndroidManifest.xml:86:13-49
	android:label
		ADDED from src/main/AndroidManifest.xml:85:13-46
	android:windowSoftInputMode
		ADDED from src/main/AndroidManifest.xml:87:13-55
	android:name
		ADDED from src/main/AndroidManifest.xml:84:13-67
activity#com.bahadur.bahadurapp.activities.Signup
ADDED from src/main/AndroidManifest.xml:90:9-95:20
	android:screenOrientation
		ADDED from src/main/AndroidManifest.xml:93:13-49
	android:label
		ADDED from src/main/AndroidManifest.xml:92:13-47
	android:windowSoftInputMode
		ADDED from src/main/AndroidManifest.xml:94:13-55
	android:name
		ADDED from src/main/AndroidManifest.xml:91:13-68
activity#com.facebook.FacebookActivity
ADDED from src/main/AndroidManifest.xml:101:9-105:20
MERGED from [com.facebook.android:facebook-common:4.42.0] AndroidManifest.xml:29:9-32:66
MERGED from [com.facebook.android:facebook-common:4.42.0] AndroidManifest.xml:29:9-32:66
	android:label
		ADDED from src/main/AndroidManifest.xml:104:13-45
	android:configChanges
		ADDED from src/main/AndroidManifest.xml:103:13-96
	android:theme